<!DOCTYPE html PUBLIC "-//W3C//DTD XHTML 1.1//EN" "http://www.w3.org/TR/xhtml11/DTD/xhtml11.dtd">
<html xmlns="http://www.w3.org/1999/xhtml"><head><title>TestNG Report</title><style type="text/css">table {margin-bottom:10px;border-collapse:collapse;empty-cells:show}th,td {border:1px solid #009;padding:.25em .5em}th {vertical-align:bottom}td {vertical-align:top}table a {font-weight:bold}.stripe td {background-color: #E6EBF9}.num {text-align:right}.passedodd td {background-color: #3F3}.passedeven td {background-color: #0A0}.skippedodd td {background-color: #DDD}.skippedeven td {background-color: #CCC}.failedodd td,.attn {background-color: #F33}.failedeven td,.stripe .attn {background-color: #D00}.stacktrace {white-space:pre;font-family:monospace}.totop {font-size:85%;text-align:center;border-bottom:2px solid #000}</style></head><body><table><tr><th>Test</th><th># Passed</th><th># Skipped</th><th># Failed</th><th>Time (ms)</th><th>Included Groups</th><th>Excluded Groups</th></tr><tr><th colspan="7">Page Object Model with Page Factories</th></tr><tr><td><a href="#t0">Sign in Test</a></td><td class="num">0</td><td class="num attn">1</td><td class="num attn">1</td><td class="num">27,600</td><td></td><td></td></tr><tr class="stripe"><td><a href="#t1">Flight Search Test</a></td><td class="num">0</td><td class="num">0</td><td class="num attn">1</td><td class="num">24,889</td><td></td><td></td></tr><tr><th>Total</th><th class="num">0</th><th class="num attn">1</th><th class="num attn">2</th><th class="num">52,489</th><th colspan="2"></th></tr></table><table id='summary'><thead><tr><th>Class</th><th>Method</th><th>Start</th><th>Time (ms)</th></tr></thead><tbody><tr><th colspan="4">Page Object Model with Page Factories</th></tr></tbody><tbody id="t0"><tr><th colspan="4">Sign in Test &#8212; failed</th></tr><tr class="failedeven"><td rowspan="1">com.w2a.testcases.SignInTest</td><td><a href="#m0">signInTest</a></td><td rowspan="1">1609184781660</td><td rowspan="1">24614</td></tr><tr><th colspan="4">Sign in Test &#8212; skipped</th></tr><tr class="skippedeven"><td rowspan="1">com.w2a.testcases.SignInTest</td><td><a href="#m1">signInTest</a></td><td rowspan="1">1609184780920</td><td rowspan="1">22</td></tr></tbody><tbody id="t1"><tr><th colspan="4">Flight Search Test &#8212; failed</th></tr><tr class="failedeven"><td rowspan="1">com.w2a.testcases.FlightSearchTest</td><td><a href="#m2">flightSearchTest</a></td><td rowspan="1">1609184820720</td><td rowspan="1">10560</td></tr></tbody></table><h2>Sign in Test</h2><h3 id="m0">com.w2a.testcases.SignInTest#signInTest</h3><table class="result"><tr class="param"><th>Parameter #1</th></tr><tr class="param stripe"><td>{password=Selenium@123, runmode=Y, username=java@way2automation.com}</td></tr><tr><th>Messages</th></tr><tr><td><div class="messages">Click to see Screenshot<br/><a target="_blank" href=Tue_Dec_29_01_16_47_IST_2020.jpg>Screenshot</a><br/><br><br/><br><br/><a target="_blank" href=Tue_Dec_29_01_16_47_IST_2020.jpg><img src=Tue_Dec_29_01_16_47_IST_2020.jpg height=200 width=200></img></a></div></td></tr><tr><th>Exception</th></tr><tr><td><div class="stacktrace">org.openqa.selenium.NoSuchElementException: Timed out after 10 seconds. Unable to locate the element
	at org.openqa.selenium.support.pagefactory.AjaxElementLocator.findElement(AjaxElementLocator.java:99)
	at org.openqa.selenium.support.pagefactory.internal.LocatingElementHandler.invoke(LocatingElementHandler.java:38)
	at com.sun.proxy.$Proxy12.click(Unknown Source)
	at com.w2a.base.Page.click(Page.java:88)
	at com.w2a.pages.actions.TopNavigation.gotoSignIn(TopNavigation.java:25)
	at com.w2a.testcases.SignInTest.signInTest(SignInTest.java:27)
Caused by: org.openqa.selenium.NoSuchElementException: no such element: Unable to locate element: {&quot;method&quot;:&quot;css selector&quot;,&quot;selector&quot;:&quot;#header-account-menu&quot;}
  (Session info: chrome=87.0.4280.88)
  (Driver info: chromedriver=2.33.506120 (e3e53437346286c0bc2d2dc9aa4915ba81d9023f),platform=Windows NT 10.0.18362 x86_64) (WARNING: The server did not provide any stacktrace information)
Command duration or timeout: 0 milliseconds
For documentation on this error, please visit: https://www.seleniumhq.org/exceptions/no_such_element.html
Build info: version: &apos;3.141.59&apos;, revision: &apos;e82be7d358&apos;, time: &apos;2018-11-14T08:17:03&apos;
System info: host: &apos;LAPTOP-6MSCEI0L&apos;, ip: &apos;192.168.173.1&apos;, os.name: &apos;Windows 10&apos;, os.arch: &apos;amd64&apos;, os.version: &apos;10.0&apos;, java.version: &apos;1.8.0_201&apos;
Driver info: org.openqa.selenium.chrome.ChromeDriver
Capabilities {acceptSslCerts: true, applicationCacheEnabled: false, browserConnectionEnabled: false, browserName: chrome, chrome: {chromedriverVersion: 2.33.506120 (e3e53437346286..., userDataDir: C:\Users\hp\AppData\Local\T...}, cssSelectorsEnabled: true, databaseEnabled: false, handlesAlerts: true, hasTouchScreen: false, javascriptEnabled: true, locationContextEnabled: true, mobileEmulationEnabled: false, nativeEvents: true, networkConnectionEnabled: false, pageLoadStrategy: normal, platform: XP, platformName: XP, rotatable: false, setWindowRect: true, takesHeapSnapshot: true, takesScreenshot: true, unexpectedAlertBehaviour: , unhandledPromptBehavior: , version: 87.0.4280.88, webStorageEnabled: true}
Session ID: abda09b384a293887e7e457f454985b5
*** Element info: {Using=css selector, value=#header-account-menu}
	at org.openqa.selenium.remote.ErrorHandler.createThrowable(ErrorHandler.java:214)
	at org.openqa.selenium.remote.ErrorHandler.throwIfResponseFailed(ErrorHandler.java:166)
	at org.openqa.selenium.remote.http.JsonHttpResponseCodec.reconstructValue(JsonHttpResponseCodec.java:40)
	at org.openqa.selenium.remote.http.AbstractHttpResponseCodec.decode(AbstractHttpResponseCodec.java:80)
	at org.openqa.selenium.remote.http.AbstractHttpResponseCodec.decode(AbstractHttpResponseCodec.java:44)
	at org.openqa.selenium.remote.HttpCommandExecutor.execute(HttpCommandExecutor.java:158)
	at org.openqa.selenium.remote.service.DriverCommandExecutor.execute(DriverCommandExecutor.java:83)
	at org.openqa.selenium.remote.RemoteWebDriver.execute(RemoteWebDriver.java:552)
	at org.openqa.selenium.remote.RemoteWebDriver.findElement(RemoteWebDriver.java:323)
	at org.openqa.selenium.remote.RemoteWebDriver.findElementByCssSelector(RemoteWebDriver.java:420)
	at org.openqa.selenium.By$ByCssSelector.findElement(By.java:431)
	at org.openqa.selenium.remote.RemoteWebDriver.findElement(RemoteWebDriver.java:315)
	at org.openqa.selenium.support.pagefactory.DefaultElementLocator.findElement(DefaultElementLocator.java:69)
	at org.openqa.selenium.support.pagefactory.AjaxElementLocator.access$001(AjaxElementLocator.java:39)
	at org.openqa.selenium.support.pagefactory.AjaxElementLocator$SlowLoadingElement.isLoaded(AjaxElementLocator.java:165)
	at org.openqa.selenium.support.ui.SlowLoadableComponent.get(SlowLoadableComponent.java:72)
	at org.openqa.selenium.support.pagefactory.AjaxElementLocator.findElement(AjaxElementLocator.java:95)
	... 30 more
... Removed 28 stack frames</div></td></tr></table><p class="totop"><a href="#summary">back to summary</a></p><h3 id="m1">com.w2a.testcases.SignInTest#signInTest</h3><table class="result"><tr class="param"><th>Parameter #1</th></tr><tr class="param stripe"><td>{password=Selenium@123, runmode=N, username=trainer@way2automation.com}</td></tr><tr><th>Exception</th></tr><tr><td><div class="stacktrace">org.testng.SkipException: Skipping the test as the Run mode is NO
	at com.w2a.testcases.SignInTest.signInTest(SignInTest.java:22)
... Removed 25 stack frames</div></td></tr></table><p class="totop"><a href="#summary">back to summary</a></p><h2>Flight Search Test</h2><h3 id="m2">com.w2a.testcases.FlightSearchTest#flightSearchTest</h3><table class="result"><tr class="param"><th>Parameter #1</th></tr><tr class="param stripe"><td>{toDate=14/12/2017, fromDate=12/12/17, runmode=Y, toCity=Seattle, WA, United States (SEA-Seattle - Tacoma Intl.), noOfAdults=2.0, noOfChildern=2.0, fromCity=Delhi, India (DEL-Indira Gandhi Intl.)}</td></tr><tr><th>Messages</th></tr><tr><td><div class="messages">Click to see Screenshot<br/><a target="_blank" href=Tue_Dec_29_01_17_12_IST_2020.jpg>Screenshot</a><br/><br><br/><br><br/><a target="_blank" href=Tue_Dec_29_01_17_12_IST_2020.jpg><img src=Tue_Dec_29_01_17_12_IST_2020.jpg height=200 width=200></img></a></div></td></tr><tr><th>Exception</th></tr><tr><td><div class="stacktrace">java.lang.Throwable: Multiple failures (2):

Failure 1 of 2:
java.lang.AssertionError: expected [7] but found [5]
	at com.w2a.errorcollectors.ErrorCollector.assertEquals(ErrorCollector.java:38)
	at com.w2a.errorcollectors.ErrorCollector.verifyEquals(ErrorCollector.java:102)
	at com.w2a.testcases.FlightSearchTest.flightSearchTest(FlightSearchTest.java:34)


Failure 2 of 2:
org.openqa.selenium.NoSuchElementException: Timed out after 10 seconds. Unable to locate the element
	at org.openqa.selenium.support.pagefactory.AjaxElementLocator.findElement(AjaxElementLocator.java:99)
	at org.openqa.selenium.support.pagefactory.internal.LocatingElementHandler.invoke(LocatingElementHandler.java:38)
	at com.sun.proxy.$Proxy12.click(Unknown Source)
	at com.w2a.base.Page.click(Page.java:88)
	at com.w2a.pages.actions.HomePage.gotoFlights(HomePage.java:27)
	at com.w2a.testcases.FlightSearchTest.flightSearchTest(FlightSearchTest.java:35)
... Removed 55 stack frames</div></td></tr></table><p class="totop"><a href="#summary">back to summary</a></p></body></html>